<?xml version="1.0" encoding="UTF-8"?>
<!-- Generated by org.testng.reporters.JUnitReportReporter -->
<testsuite skipped="0" hostname="Lenovo-PC" name="com.qa.tests.SigUpTests" tests="1" failures="0" timestamp="2020-02-16T19:45:22 IST" time="39.125" errors="0">
  <testcase name="checkSignUpButton" time="39.125" classname="com.qa.tests.SigUpTests"/>
  <system-out/>
</testsuite> <!-- com.qa.tests.SigUpTests -->
